<?xml version="1.0" encoding="UTF-8"?>
<!-- Generated by org.testng.reporters.JUnitXMLReporter -->
<testsuite ignored="0" hostname="MSI" failures="0" tests="3" name="Surefire test" time="29.455" errors="0" timestamp="2020-12-09T12:18:17 IST">
  <testcase classname="org.ridecell.assignment.GitHub.test.GetRepositoryTest" name="GetRepositoryDjangoAPI" time="4.455"/>
  <testcase classname="org.ridecell.assignment.GitHub.test.GetRepositoryTest" name="GetRepositoryDjangoUI" time="11.547"/>
  <testcase classname="org.ridecell.assignment.GitHub.test.GetRepositoryTest" name="assertingUIDataWithApiData" time="0.0"/>
</testsuite> <!-- Surefire test -->
