<?xml version="1.0" encoding="UTF-8"?>
<!-- Generated by org.testng.reporters.JUnitXMLReporter -->
<testsuite ignored="0" hostname="MSI" failures="0" tests="3" name="Surefire test" time="31.268" errors="0" timestamp="2020-12-09T13:17:50 IST">
  <testcase classname="org.ridecell.assignment.GitHub.test.GetRepositoryTest" name="GetRepositoryDjangoAPI" time="3.938"/>
  <testcase classname="org.ridecell.assignment.GitHub.test.GetRepositoryTest" name="GetRepositoryDjangoUI" time="10.923"/>
  <testcase classname="org.ridecell.assignment.GitHub.test.GetRepositoryTest" name="assertingUIDataWithApiData" time="0.0"/>
</testsuite> <!-- Surefire test -->
