<?xml version="1.0" encoding="UTF-8"?>
<testsuite xmlns:xsi="http://www.w3.org/2001/XMLSchema-instance" xsi:noNamespaceSchemaLocation="https://maven.apache.org/surefire/maven-surefire-plugin/xsd/surefire-test-report.xsd" name="org.ridecell.assignment.GitHub.test.GetRepositoryTest" time="31.218" tests="3" errors="0" skipped="0" failures="0">
  <properties>
[...]
</properties>
  <testcase name="GetRepositoryDjangoAPI" classname="org.ridecell.assignment.GitHub.test.GetRepositoryTest" time="4.457"/>
  <testcase name="GetRepositoryDjangoUI" classname="org.ridecell.assignment.GitHub.test.GetRepositoryTest" time="11.545"/>
  <testcase name="assertingUIDataWithApiData" classname="org.ridecell.assignment.GitHub.test.GetRepositoryTest" time="0.001"/>
</testsuite>